<?xml version="1.0" encoding="UTF-8"?>
<robot generator="Robot 7.0.1 (Python 3.12.4 on win32)" generated="2026-09-05T13:49:48.728768" rpa="false" schemaversion="5">
<suite id="s1" name="Primeiro-Teste" source="C:\Desenvolvimento\alura\robot-project\primeiro-teste.robot">
<test id="s1-t1" name="Abrir navegador e acessar site do organo" line="6">
<kw name="Open Browser" owner="SeleniumLibrary">
<msg time="2026-09-05T13:49:49.098793" level="INFO">Opening browser 'Chrome' to base url 'http://localhost:3000/'.</msg>
<arg>url=http://localhost:3000/</arg>
<arg>browser=Chrome</arg>
<doc>Opens a new browser instance to the optional ``url``.</doc>
<status status="PASS" start="2026-09-05T13:49:49.098793" elapsed="4.491229"/>
</kw>
<status status="PASS" start="2026-09-05T13:49:49.097755" elapsed="4.493322"/>
</test>
<status status="PASS" start="2026-09-05T13:49:48.730769" elapsed="4.861470"/>
</suite>
<statistics>
<total>
<stat pass="1" fail="0" skip="0">All Tests</stat>
</total>
<tag>
</tag>
<suite>
<stat pass="1" fail="0" skip="0" id="s1" name="Primeiro-Teste">Primeiro-Teste</stat>
</suite>
</statistics>
<errors>
</errors>
</robot>
